<?xml version="1.0" encoding="UTF-8"?>
<!-- Generated by org.testng.reporters.JUnitXMLReporter -->
<testsuite ignored="0" hostname="DESKTOP-D6980MB" failures="0" tests="12" name="Default test" time="57.974" errors="0" timestamp="2021-11-28T23:09:52 IST">
  <testcase classname="Com.TestLayer.ContactPageTest" name="validateLoginFuntionality" time="10.562"/>
  <testcase classname="Com.TestLayer.ContactPageTest" name="validateContactClick1" time="1.766"/>
  <testcase classname="Com.TestLayer.ContactPageTest" name="validateCreateButtonClick" time="6.948"/>
  <testcase classname="Com.TestLayer.ContactPageTest" name="TypeFirstName" time="1.002"/>
  <testcase classname="Com.TestLayer.ContactPageTest" name="typeMiddleName" time="0.953"/>
  <testcase classname="Com.TestLayer.ContactPageTest" name="typeLastName" time="1.052"/>
  <testcase classname="Com.TestLayer.ContactPageTest" name="typeCompanyName" time="0.42"/>
  <testcase classname="Com.TestLayer.ContactPageTest" name="CompanyTagClick" time="0.257"/>
  <testcase classname="Com.TestLayer.ContactPageTest" name="validateaccessButtonClick" time="0.441"/>
  <testcase classname="Com.TestLayer.ContactPageTest" name="typeDpText" time="0.33"/>
  <testcase classname="Com.TestLayer.ContactPageTest" name="validateDpTagClick" time="0.299"/>
  <testcase classname="Com.TestLayer.ContactPageTest" name="validatesaveButtonClick" time="5.564"/>
</testsuite> <!-- Default test -->
